Testing Inventory-Aware Availability...
1. Creating Workspace...
2. Creating Inventory Item (Qty 1)...
Inv create status: 200
Inv create text: {"count":1,"items":[{"id":11,"name":"Test Serum"}]}
3. Creating Service linked to Item...
Service creation response: {"count":1,"service_ids":[8]}
4. Checking Availability (Expect Slots)...
Avail status: 500
Avail text: Internal Server Error
Traceback (most recent call last):
  File "C:\Users\shubh\anaconda3\Lib\site-packages\requests\models.py", line 976, in json
    return complexjson.loads(self.text, **kwargs)
           ^^^^^^^^^^^^^^^^^^^^^^^^^^^^^^^^^^^^^^
  File "C:\Users\shubh\anaconda3\Lib\json\__init__.py", line 346, in loads
    return _default_decoder.decode(s)
           ^^^^^^^^^^^^^^^^^^^^^^^^^^
  File "C:\Users\shubh\anaconda3\Lib\json\decoder.py", line 337, in decode
    obj, end = self.raw_decode(s, idx=_w(s, 0).end())
               ^^^^^^^^^^^^^^^^^^^^^^^^^^^^^^^^^^^^^^
  File "C:\Users\shubh\anaconda3\Lib\json\decoder.py", line 355, in raw_decode
    raise JSONDecodeError("Expecting value", s, err.value) from None
json.decoder.JSONDecodeError: Expecting value: line 1 column 1 (char 0)

During handling of the above exception, another exception occurred:

Traceback (most recent call last):
  File "C:\hackproject\careops-mvp\tests\test_inventory_availability.py", line 129, in <module>
    test_inventory_check()
  File "C:\hackproject\careops-mvp\tests\test_inventory_availability.py", line 82, in test_inventory_check
    slots = r.json()
            ^^^^^^^^
  File "C:\Users\shubh\anaconda3\Lib\site-packages\requests\models.py", line 980, in json
    raise RequestsJSONDecodeError(e.msg, e.doc, e.pos)
requests.exceptions.JSONDecodeError: Expecting value: line 1 column 1 (char 0)
